--------------------------------------------------------------------------------
Release 12.4 Trace  (nt64)
Copyright (c) 1995-2010 Xilinx, Inc.  All rights reserved.

C:\Xilinx\12.4\ISE_DS\ISE\bin\nt64\unwrapped\trce.exe -intstyle ise -v 3 -s 5
-n 3 -fastpaths -xml regs.twx regs.ncd -o regs.twr regs.pcf -ucf regs.ucf

Design file:              regs.ncd
Physical constraint file: regs.pcf
Device,package,speed:     xc3s200,ft256,-5 (PRODUCTION 1.39 2010-11-18)
Report level:             verbose report

Environment Variable      Effect 
--------------------      ------ 
NONE                      No environment variables were set
--------------------------------------------------------------------------------

INFO:Timing:2752 - To get complete path coverage, use the unconstrained paths 
   option. All paths that are not constrained will be reported in the 
   unconstrained paths section(s) of the report.
INFO:Timing:3339 - The clock-to-out numbers in this timing report are based on 
   a 50 Ohm transmission line loading model.  For the details of this model, 
   and for more information on accounting for different loading conditions, 
   please see the device datasheet.
INFO:Timing:3390 - This architecture does not support a default System Jitter 
   value, please add SYSTEM_JITTER constraint to the UCF to modify the Clock 
   Uncertainty calculation.
INFO:Timing:3389 - This architecture does not support 'Discrete Jitter' and 
   'Phase Error' calculations, these terms will be zero in the Clock 
   Uncertainty calculation.  Please make appropriate modification to 
   SYSTEM_JITTER to account for the unsupported Discrete Jitter and Phase 
   Error.

================================================================================
Timing constraint: TS_mclk = PERIOD TIMEGRP "mclk" 20 ns HIGH 50%;

 409 paths analyzed, 56 endpoints analyzed, 0 failing endpoints
 0 timing errors detected. (0 setup errors, 0 hold errors, 0 component switching limit errors)
 Minimum period is   5.005ns.
--------------------------------------------------------------------------------

Paths for end point S7C/CD/count_12 (SLICE_X24Y6.SR), 16 paths
--------------------------------------------------------------------------------
Slack (setup path):     14.995ns (requirement - (data path - clock path skew + uncertainty))
  Source:               S7C/CD/count_3 (FF)
  Destination:          S7C/CD/count_12 (FF)
  Requirement:          20.000ns
  Data Path Delay:      5.005ns (Levels of Logic = 2)
  Clock Path Skew:      0.000ns
  Source Clock:         mclk_BUFGP rising at 0.000ns
  Destination Clock:    mclk_BUFGP rising at 20.000ns
  Clock Uncertainty:    0.000ns

  Maximum Data Path: S7C/CD/count_3 to S7C/CD/count_12
    Location             Delay type         Delay(ns)  Physical Resource
                                                       Logical Resource(s)
    -------------------------------------------------  -------------------
    SLICE_X24Y1.YQ       Tcko                  0.626   S7C/CD/count<2>
                                                       S7C/CD/count_3
    SLICE_X25Y0.F2       net (fanout=2)        0.519   S7C/CD/count<3>
    SLICE_X25Y0.X        Tilo                  0.479   S7C/CD/count_cmp_eq000037
                                                       S7C/CD/count_cmp_eq000037
    SLICE_X25Y6.F2       net (fanout=1)        0.764   S7C/CD/count_cmp_eq000037
    SLICE_X25Y6.X        Tilo                  0.479   S7C/CD/count_cmp_eq0000
                                                       S7C/CD/count_cmp_eq000063
    SLICE_X24Y6.SR       net (fanout=9)        1.246   S7C/CD/count_cmp_eq0000
    SLICE_X24Y6.CLK      Tsrck                 0.892   S7C/CD/count<12>
                                                       S7C/CD/count_12
    -------------------------------------------------  ---------------------------
    Total                                      5.005ns (2.476ns logic, 2.529ns route)
                                                       (49.5% logic, 50.5% route)

--------------------------------------------------------------------------------
Slack (setup path):     14.999ns (requirement - (data path - clock path skew + uncertainty))
  Source:               S7C/CD/count_0 (FF)
  Destination:          S7C/CD/count_12 (FF)
  Requirement:          20.000ns
  Data Path Delay:      5.001ns (Levels of Logic = 2)
  Clock Path Skew:      0.000ns
  Source Clock:         mclk_BUFGP rising at 0.000ns
  Destination Clock:    mclk_BUFGP rising at 20.000ns
  Clock Uncertainty:    0.000ns

  Maximum Data Path: S7C/CD/count_0 to S7C/CD/count_12
    Location             Delay type         Delay(ns)  Physical Resource
                                                       Logical Resource(s)
    -------------------------------------------------  -------------------
    SLICE_X24Y0.XQ       Tcko                  0.626   S7C/CD/count<0>
                                                       S7C/CD/count_0
    SLICE_X25Y0.F1       net (fanout=2)        0.515   S7C/CD/count<0>
    SLICE_X25Y0.X        Tilo                  0.479   S7C/CD/count_cmp_eq000037
                                                       S7C/CD/count_cmp_eq000037
    SLICE_X25Y6.F2       net (fanout=1)        0.764   S7C/CD/count_cmp_eq000037
    SLICE_X25Y6.X        Tilo                  0.479   S7C/CD/count_cmp_eq0000
                                                       S7C/CD/count_cmp_eq000063
    SLICE_X24Y6.SR       net (fanout=9)        1.246   S7C/CD/count_cmp_eq0000
    SLICE_X24Y6.CLK      Tsrck                 0.892   S7C/CD/count<12>
                                                       S7C/CD/count_12
    -------------------------------------------------  ---------------------------
    Total                                      5.001ns (2.476ns logic, 2.525ns route)
                                                       (49.5% logic, 50.5% route)

--------------------------------------------------------------------------------
Slack (setup path):     15.004ns (requirement - (data path - clock path skew + uncertainty))
  Source:               S7C/CD/count_7 (FF)
  Destination:          S7C/CD/count_12 (FF)
  Requirement:          20.000ns
  Data Path Delay:      4.996ns (Levels of Logic = 2)
  Clock Path Skew:      0.000ns
  Source Clock:         mclk_BUFGP rising at 0.000ns
  Destination Clock:    mclk_BUFGP rising at 20.000ns
  Clock Uncertainty:    0.000ns

  Maximum Data Path: S7C/CD/count_7 to S7C/CD/count_12
    Location             Delay type         Delay(ns)  Physical Resource
                                                       Logical Resource(s)
    -------------------------------------------------  -------------------
    SLICE_X24Y3.YQ       Tcko                  0.626   S7C/CD/count<6>
                                                       S7C/CD/count_7
    SLICE_X25Y2.F2       net (fanout=2)        0.519   S7C/CD/count<7>
    SLICE_X25Y2.X        Tilo                  0.479   S7C/CD/count_cmp_eq000049
                                                       S7C/CD/count_cmp_eq000049
    SLICE_X25Y6.F1       net (fanout=1)        0.755   S7C/CD/count_cmp_eq000049
    SLICE_X25Y6.X        Tilo                  0.479   S7C/CD/count_cmp_eq0000
                                                       S7C/CD/count_cmp_eq000063
    SLICE_X24Y6.SR       net (fanout=9)        1.246   S7C/CD/count_cmp_eq0000
    SLICE_X24Y6.CLK      Tsrck                 0.892   S7C/CD/count<12>
                                                       S7C/CD/count_12
    -------------------------------------------------  ---------------------------
    Total                                      4.996ns (2.476ns logic, 2.520ns route)
                                                       (49.6% logic, 50.4% route)

--------------------------------------------------------------------------------

Paths for end point S7C/CD/count_13 (SLICE_X24Y6.SR), 16 paths
--------------------------------------------------------------------------------
Slack (setup path):     14.995ns (requirement - (data path - clock path skew + uncertainty))
  Source:               S7C/CD/count_3 (FF)
  Destination:          S7C/CD/count_13 (FF)
  Requirement:          20.000ns
  Data Path Delay:      5.005ns (Levels of Logic = 2)
  Clock Path Skew:      0.000ns
  Source Clock:         mclk_BUFGP rising at 0.000ns
  Destination Clock:    mclk_BUFGP rising at 20.000ns
  Clock Uncertainty:    0.000ns

  Maximum Data Path: S7C/CD/count_3 to S7C/CD/count_13
    Location             Delay type         Delay(ns)  Physical Resource
                                                       Logical Resource(s)
    -------------------------------------------------  -------------------
    SLICE_X24Y1.YQ       Tcko                  0.626   S7C/CD/count<2>
                                                       S7C/CD/count_3
    SLICE_X25Y0.F2       net (fanout=2)        0.519   S7C/CD/count<3>
    SLICE_X25Y0.X        Tilo                  0.479   S7C/CD/count_cmp_eq000037
                                                       S7C/CD/count_cmp_eq000037
    SLICE_X25Y6.F2       net (fanout=1)        0.764   S7C/CD/count_cmp_eq000037
    SLICE_X25Y6.X        Tilo                  0.479   S7C/CD/count_cmp_eq0000
                                                       S7C/CD/count_cmp_eq000063
    SLICE_X24Y6.SR       net (fanout=9)        1.246   S7C/CD/count_cmp_eq0000
    SLICE_X24Y6.CLK      Tsrck                 0.892   S7C/CD/count<12>
                                                       S7C/CD/count_13
    -------------------------------------------------  ---------------------------
    Total                                      5.005ns (2.476ns logic, 2.529ns route)
                                                       (49.5% logic, 50.5% route)

--------------------------------------------------------------------------------
Slack (setup path):     14.999ns (requirement - (data path - clock path skew + uncertainty))
  Source:               S7C/CD/count_0 (FF)
  Destination:          S7C/CD/count_13 (FF)
  Requirement:          20.000ns
  Data Path Delay:      5.001ns (Levels of Logic = 2)
  Clock Path Skew:      0.000ns
  Source Clock:         mclk_BUFGP rising at 0.000ns
  Destination Clock:    mclk_BUFGP rising at 20.000ns
  Clock Uncertainty:    0.000ns

  Maximum Data Path: S7C/CD/count_0 to S7C/CD/count_13
    Location             Delay type         Delay(ns)  Physical Resource
                                                       Logical Resource(s)
    -------------------------------------------------  -------------------
    SLICE_X24Y0.XQ       Tcko                  0.626   S7C/CD/count<0>
                                                       S7C/CD/count_0
    SLICE_X25Y0.F1       net (fanout=2)        0.515   S7C/CD/count<0>
    SLICE_X25Y0.X        Tilo                  0.479   S7C/CD/count_cmp_eq000037
                                                       S7C/CD/count_cmp_eq000037
    SLICE_X25Y6.F2       net (fanout=1)        0.764   S7C/CD/count_cmp_eq000037
    SLICE_X25Y6.X        Tilo                  0.479   S7C/CD/count_cmp_eq0000
                                                       S7C/CD/count_cmp_eq000063
    SLICE_X24Y6.SR       net (fanout=9)        1.246   S7C/CD/count_cmp_eq0000
    SLICE_X24Y6.CLK      Tsrck                 0.892   S7C/CD/count<12>
                                                       S7C/CD/count_13
    -------------------------------------------------  ---------------------------
    Total                                      5.001ns (2.476ns logic, 2.525ns route)
                                                       (49.5% logic, 50.5% route)

--------------------------------------------------------------------------------
Slack (setup path):     15.004ns (requirement - (data path - clock path skew + uncertainty))
  Source:               S7C/CD/count_7 (FF)
  Destination:          S7C/CD/count_13 (FF)
  Requirement:          20.000ns
  Data Path Delay:      4.996ns (Levels of Logic = 2)
  Clock Path Skew:      0.000ns
  Source Clock:         mclk_BUFGP rising at 0.000ns
  Destination Clock:    mclk_BUFGP rising at 20.000ns
  Clock Uncertainty:    0.000ns

  Maximum Data Path: S7C/CD/count_7 to S7C/CD/count_13
    Location             Delay type         Delay(ns)  Physical Resource
                                                       Logical Resource(s)
    -------------------------------------------------  -------------------
    SLICE_X24Y3.YQ       Tcko                  0.626   S7C/CD/count<6>
                                                       S7C/CD/count_7
    SLICE_X25Y2.F2       net (fanout=2)        0.519   S7C/CD/count<7>
    SLICE_X25Y2.X        Tilo                  0.479   S7C/CD/count_cmp_eq000049
                                                       S7C/CD/count_cmp_eq000049
    SLICE_X25Y6.F1       net (fanout=1)        0.755   S7C/CD/count_cmp_eq000049
    SLICE_X25Y6.X        Tilo                  0.479   S7C/CD/count_cmp_eq0000
                                                       S7C/CD/count_cmp_eq000063
    SLICE_X24Y6.SR       net (fanout=9)        1.246   S7C/CD/count_cmp_eq0000
    SLICE_X24Y6.CLK      Tsrck                 0.892   S7C/CD/count<12>
                                                       S7C/CD/count_13
    -------------------------------------------------  ---------------------------
    Total                                      4.996ns (2.476ns logic, 2.520ns route)
                                                       (49.6% logic, 50.4% route)

--------------------------------------------------------------------------------

Paths for end point S7C/CD/count_14 (SLICE_X24Y7.SR), 16 paths
--------------------------------------------------------------------------------
Slack (setup path):     14.995ns (requirement - (data path - clock path skew + uncertainty))
  Source:               S7C/CD/count_3 (FF)
  Destination:          S7C/CD/count_14 (FF)
  Requirement:          20.000ns
  Data Path Delay:      5.005ns (Levels of Logic = 2)
  Clock Path Skew:      0.000ns
  Source Clock:         mclk_BUFGP rising at 0.000ns
  Destination Clock:    mclk_BUFGP rising at 20.000ns
  Clock Uncertainty:    0.000ns

  Maximum Data Path: S7C/CD/count_3 to S7C/CD/count_14
    Location             Delay type         Delay(ns)  Physical Resource
                                                       Logical Resource(s)
    -------------------------------------------------  -------------------
    SLICE_X24Y1.YQ       Tcko                  0.626   S7C/CD/count<2>
                                                       S7C/CD/count_3
    SLICE_X25Y0.F2       net (fanout=2)        0.519   S7C/CD/count<3>
    SLICE_X25Y0.X        Tilo                  0.479   S7C/CD/count_cmp_eq000037
                                                       S7C/CD/count_cmp_eq000037
    SLICE_X25Y6.F2       net (fanout=1)        0.764   S7C/CD/count_cmp_eq000037
    SLICE_X25Y6.X        Tilo                  0.479   S7C/CD/count_cmp_eq0000
                                                       S7C/CD/count_cmp_eq000063
    SLICE_X24Y7.SR       net (fanout=9)        1.246   S7C/CD/count_cmp_eq0000
    SLICE_X24Y7.CLK      Tsrck                 0.892   S7C/CD/count<14>
                                                       S7C/CD/count_14
    -------------------------------------------------  ---------------------------
    Total                                      5.005ns (2.476ns logic, 2.529ns route)
                                                       (49.5% logic, 50.5% route)

--------------------------------------------------------------------------------
Slack (setup path):     14.999ns (requirement - (data path - clock path skew + uncertainty))
  Source:               S7C/CD/count_0 (FF)
  Destination:          S7C/CD/count_14 (FF)
  Requirement:          20.000ns
  Data Path Delay:      5.001ns (Levels of Logic = 2)
  Clock Path Skew:      0.000ns
  Source Clock:         mclk_BUFGP rising at 0.000ns
  Destination Clock:    mclk_BUFGP rising at 20.000ns
  Clock Uncertainty:    0.000ns

  Maximum Data Path: S7C/CD/count_0 to S7C/CD/count_14
    Location             Delay type         Delay(ns)  Physical Resource
                                                       Logical Resource(s)
    -------------------------------------------------  -------------------
    SLICE_X24Y0.XQ       Tcko                  0.626   S7C/CD/count<0>
                                                       S7C/CD/count_0
    SLICE_X25Y0.F1       net (fanout=2)        0.515   S7C/CD/count<0>
    SLICE_X25Y0.X        Tilo                  0.479   S7C/CD/count_cmp_eq000037
                                                       S7C/CD/count_cmp_eq000037
    SLICE_X25Y6.F2       net (fanout=1)        0.764   S7C/CD/count_cmp_eq000037
    SLICE_X25Y6.X        Tilo                  0.479   S7C/CD/count_cmp_eq0000
                                                       S7C/CD/count_cmp_eq000063
    SLICE_X24Y7.SR       net (fanout=9)        1.246   S7C/CD/count_cmp_eq0000
    SLICE_X24Y7.CLK      Tsrck                 0.892   S7C/CD/count<14>
                                                       S7C/CD/count_14
    -------------------------------------------------  ---------------------------
    Total                                      5.001ns (2.476ns logic, 2.525ns route)
                                                       (49.5% logic, 50.5% route)

--------------------------------------------------------------------------------
Slack (setup path):     15.004ns (requirement - (data path - clock path skew + uncertainty))
  Source:               S7C/CD/count_7 (FF)
  Destination:          S7C/CD/count_14 (FF)
  Requirement:          20.000ns
  Data Path Delay:      4.996ns (Levels of Logic = 2)
  Clock Path Skew:      0.000ns
  Source Clock:         mclk_BUFGP rising at 0.000ns
  Destination Clock:    mclk_BUFGP rising at 20.000ns
  Clock Uncertainty:    0.000ns

  Maximum Data Path: S7C/CD/count_7 to S7C/CD/count_14
    Location             Delay type         Delay(ns)  Physical Resource
                                                       Logical Resource(s)
    -------------------------------------------------  -------------------
    SLICE_X24Y3.YQ       Tcko                  0.626   S7C/CD/count<6>
                                                       S7C/CD/count_7
    SLICE_X25Y2.F2       net (fanout=2)        0.519   S7C/CD/count<7>
    SLICE_X25Y2.X        Tilo                  0.479   S7C/CD/count_cmp_eq000049
                                                       S7C/CD/count_cmp_eq000049
    SLICE_X25Y6.F1       net (fanout=1)        0.755   S7C/CD/count_cmp_eq000049
    SLICE_X25Y6.X        Tilo                  0.479   S7C/CD/count_cmp_eq0000
                                                       S7C/CD/count_cmp_eq000063
    SLICE_X24Y7.SR       net (fanout=9)        1.246   S7C/CD/count_cmp_eq0000
    SLICE_X24Y7.CLK      Tsrck                 0.892   S7C/CD/count<14>
                                                       S7C/CD/count_14
    -------------------------------------------------  ---------------------------
    Total                                      4.996ns (2.476ns logic, 2.520ns route)
                                                       (49.6% logic, 50.4% route)

--------------------------------------------------------------------------------

Hold Paths: TS_mclk = PERIOD TIMEGRP "mclk" 20 ns HIGH 50%;
--------------------------------------------------------------------------------

Paths for end point S7C/CD/clk (SLICE_X26Y6.BY), 1 path
--------------------------------------------------------------------------------
Slack (hold path):      0.784ns (requirement - (clock path skew + uncertainty - data path))
  Source:               S7C/CD/clk (FF)
  Destination:          S7C/CD/clk (FF)
  Requirement:          0.000ns
  Data Path Delay:      0.784ns (Levels of Logic = 0)
  Clock Path Skew:      0.000ns
  Source Clock:         mclk_BUFGP rising at 20.000ns
  Destination Clock:    mclk_BUFGP rising at 20.000ns
  Clock Uncertainty:    0.000ns

  Minimum Data Path: S7C/CD/clk to S7C/CD/clk
    Location             Delay type         Delay(ns)  Physical Resource
                                                       Logical Resource(s)
    -------------------------------------------------  -------------------
    SLICE_X26Y6.YQ       Tcko                  0.501   S7C/CD/clk
                                                       S7C/CD/clk
    SLICE_X26Y6.BY       net (fanout=9)        0.488   S7C/CD/clk
    SLICE_X26Y6.CLK      Tckdi       (-Th)     0.205   S7C/CD/clk
                                                       S7C/CD/clk
    -------------------------------------------------  ---------------------------
    Total                                      0.784ns (0.296ns logic, 0.488ns route)
                                                       (37.8% logic, 62.2% route)

--------------------------------------------------------------------------------

Paths for end point S7C/CD/count_12 (SLICE_X24Y6.F4), 1 path
--------------------------------------------------------------------------------
Slack (hold path):      1.144ns (requirement - (clock path skew + uncertainty - data path))
  Source:               S7C/CD/count_12 (FF)
  Destination:          S7C/CD/count_12 (FF)
  Requirement:          0.000ns
  Data Path Delay:      1.144ns (Levels of Logic = 1)
  Clock Path Skew:      0.000ns
  Source Clock:         mclk_BUFGP rising at 20.000ns
  Destination Clock:    mclk_BUFGP rising at 20.000ns
  Clock Uncertainty:    0.000ns

  Minimum Data Path: S7C/CD/count_12 to S7C/CD/count_12
    Location             Delay type         Delay(ns)  Physical Resource
                                                       Logical Resource(s)
    -------------------------------------------------  -------------------
    SLICE_X24Y6.XQ       Tcko                  0.501   S7C/CD/count<12>
                                                       S7C/CD/count_12
    SLICE_X24Y6.F4       net (fanout=2)        0.261   S7C/CD/count<12>
    SLICE_X24Y6.CLK      Tckf        (-Th)    -0.382   S7C/CD/count<12>
                                                       S7C/CD/count<12>_rt
                                                       S7C/CD/Mcount_count_xor<12>
                                                       S7C/CD/count_12
    -------------------------------------------------  ---------------------------
    Total                                      1.144ns (0.883ns logic, 0.261ns route)
                                                       (77.2% logic, 22.8% route)

--------------------------------------------------------------------------------

Paths for end point S7C/CD/count_0 (SLICE_X24Y0.F4), 1 path
--------------------------------------------------------------------------------
Slack (hold path):      1.161ns (requirement - (clock path skew + uncertainty - data path))
  Source:               S7C/CD/count_0 (FF)
  Destination:          S7C/CD/count_0 (FF)
  Requirement:          0.000ns
  Data Path Delay:      1.161ns (Levels of Logic = 1)
  Clock Path Skew:      0.000ns
  Source Clock:         mclk_BUFGP rising at 20.000ns
  Destination Clock:    mclk_BUFGP rising at 20.000ns
  Clock Uncertainty:    0.000ns

  Minimum Data Path: S7C/CD/count_0 to S7C/CD/count_0
    Location             Delay type         Delay(ns)  Physical Resource
                                                       Logical Resource(s)
    -------------------------------------------------  -------------------
    SLICE_X24Y0.XQ       Tcko                  0.501   S7C/CD/count<0>
                                                       S7C/CD/count_0
    SLICE_X24Y0.F4       net (fanout=2)        0.278   S7C/CD/count<0>
    SLICE_X24Y0.CLK      Tckf        (-Th)    -0.382   S7C/CD/count<0>
                                                       S7C/CD/Mcount_count_lut<0>_INV_0
                                                       S7C/CD/Mcount_count_xor<0>
                                                       S7C/CD/count_0
    -------------------------------------------------  ---------------------------
    Total                                      1.161ns (0.883ns logic, 0.278ns route)
                                                       (76.1% logic, 23.9% route)

--------------------------------------------------------------------------------

Component Switching Limit Checks: TS_mclk = PERIOD TIMEGRP "mclk" 20 ns HIGH 50%;
--------------------------------------------------------------------------------
Slack: 18.634ns (period - (min low pulse limit / (low pulse / period)))
  Period: 20.000ns
  Low pulse: 10.000ns
  Low pulse limit: 0.683ns (Tcl)
  Physical resource: S7C/CD/count<0>/CLK
  Logical resource: S7C/CD/count_0/CK
  Location pin: SLICE_X24Y0.CLK
  Clock network: mclk_BUFGP
--------------------------------------------------------------------------------
Slack: 18.634ns (period - (min high pulse limit / (high pulse / period)))
  Period: 20.000ns
  High pulse: 10.000ns
  High pulse limit: 0.683ns (Tch)
  Physical resource: S7C/CD/count<0>/CLK
  Logical resource: S7C/CD/count_0/CK
  Location pin: SLICE_X24Y0.CLK
  Clock network: mclk_BUFGP
--------------------------------------------------------------------------------
Slack: 18.634ns (period - min period limit)
  Period: 20.000ns
  Min period limit: 1.366ns (732.064MHz) (Tcp)
  Physical resource: S7C/CD/count<0>/CLK
  Logical resource: S7C/CD/count_0/CK
  Location pin: SLICE_X24Y0.CLK
  Clock network: mclk_BUFGP
--------------------------------------------------------------------------------


All constraints were met.


Data Sheet report:
-----------------
All values displayed in nanoseconds (ns)

Clock to Setup on destination clock mclk
---------------+---------+---------+---------+---------+
               | Src:Rise| Src:Fall| Src:Rise| Src:Fall|
Source Clock   |Dest:Rise|Dest:Rise|Dest:Fall|Dest:Fall|
---------------+---------+---------+---------+---------+
mclk           |    5.005|         |         |         |
---------------+---------+---------+---------+---------+


Timing summary:
---------------

Timing errors: 0  Score: 0  (Setup/Max: 0, Hold: 0)

Constraints cover 409 paths, 0 nets, and 63 connections

Design statistics:
   Minimum period:   5.005ns{1}   (Maximum frequency: 199.800MHz)


------------------------------------Footnotes-----------------------------------
1)  The minimum period statistic assumes all single cycle delays.

Analysis completed Tue Oct 15 09:04:24 2013 
--------------------------------------------------------------------------------

Trace Settings:
-------------------------
Trace Settings 

Peak Memory Usage: 133 MB



